Using pre-set license
Built from '2020.3/staging' branch; Version is '2020.3.37f1 (8c66806a0c04) revision 9201280'; Using compiler version '192528614'; Build Type 'Release'
OS: 'Windows 11  (10.0.22000) 64bit CoreSingleLanguage' Language: 'en' Physical Memory: 16151 MB
BatchMode: 1, IsHumanControllingUs: 0, StartBugReporterOnCrash: 0, Is64bit: 1, IsPro: 0

COMMAND LINE ARGUMENTS:
C:\Program Files\Unity\Hub\Editor\2020.3.37f1\Editor\Unity.exe
-adb2
-batchMode
-noUpm
-name
AssetImportWorker0
-projectPath
E:/FromDesktop/Match 3/Match3Challenge_Rajkumar/Match3Challenge
-logFile
Logs/AssetImportWorker0.log
-srvPort
58216
Successfully changed project path to: E:/FromDesktop/Match 3/Match3Challenge_Rajkumar/Match3Challenge
E:/FromDesktop/Match 3/Match3Challenge_Rajkumar/Match3Challenge
Using Asset Import Pipeline V2.
Refreshing native plugins compatible for Editor in 43.22 ms, found 2 plugins.
Preloading 0 native plugins for Editor in 0.00 ms.
Initialize engine version: 2020.3.37f1 (8c66806a0c04)
[Subsystems] Discovering subsystems at path C:/Program Files/Unity/Hub/Editor/2020.3.37f1/Editor/Data/Resources/UnitySubsystems
[Subsystems] Discovering subsystems at path E:/FromDesktop/Match 3/Match3Challenge_Rajkumar/Match3Challenge/Assets
GfxDevice: creating device client; threaded=0
Direct3D:
    Version:  Direct3D 11.0 [level 11.1]
    Renderer: NVIDIA GeForce RTX 3060 Laptop GPU (ID=0x2560)
    Vendor:   
    VRAM:     6023 MB
    Driver:   30.0.15.1236
Initialize mono
Mono path[0] = 'C:/Program Files/Unity/Hub/Editor/2020.3.37f1/Editor/Data/Managed'
Mono path[1] = 'C:/Program Files/Unity/Hub/Editor/2020.3.37f1/Editor/Data/MonoBleedingEdge/lib/mono/unityjit'
Mono config path = 'C:/Program Files/Unity/Hub/Editor/2020.3.37f1/Editor/Data/MonoBleedingEdge/etc'
Using monoOptions --debugger-agent=transport=dt_socket,embedding=1,server=y,suspend=n,address=127.0.0.1:56212
Begin MonoManager ReloadAssembly
Registering precompiled unity dll's ...
Register platform support module: C:/Program Files/Unity/Hub/Editor/2020.3.37f1/Editor/Data/PlaybackEngines/WindowsStandaloneSupport/UnityEditor.WindowsStandalone.Extensions.dll
Registered in 0.001412 seconds.
Native extension for WindowsStandalone target not found
Refreshing native plugins compatible for Editor in 42.59 ms, found 2 plugins.
Preloading 0 native plugins for Editor in 0.00 ms.
Mono: successfully reloaded assembly
- Completed reload, in  0.479 seconds
Domain Reload Profiling:
	ReloadAssembly (479ms)
		BeginReloadAssembly (51ms)
			ExecutionOrderSort (0ms)
			DisableScriptedObjects (0ms)
			BackupInstance (0ms)
			ReleaseScriptingObjects (0ms)
			CreateAndSetChildDomain (1ms)
		EndReloadAssembly (364ms)
			LoadAssemblies (49ms)
			RebuildTransferFunctionScriptingTraits (0ms)
			SetupTypeCache (96ms)
			ReleaseScriptCaches (0ms)
			RebuildScriptCaches (31ms)
			SetupLoadedEditorAssemblies (141ms)
				LogAssemblyErrors (0ms)
				InitializePlatformSupportModulesInManaged (3ms)
				SetLoadedEditorAssemblies (0ms)
				RefreshPlugins (43ms)
				BeforeProcessingInitializeOnLoad (10ms)
				ProcessInitializeOnLoadAttributes (65ms)
				ProcessInitializeOnLoadMethodAttributes (20ms)
				AfterProcessingInitializeOnLoad (0ms)
				EditorAssembliesLoaded (0ms)
			ExecutionOrderSort2 (0ms)
			AwakeInstancesAfterBackupRestoration (0ms)
Platform modules already initialized, skipping
Registering precompiled user dll's ...
Registered in 0.005044 seconds.
Begin MonoManager ReloadAssembly
Native extension for WindowsStandalone target not found
Refreshing native plugins compatible for Editor in 0.83 ms, found 2 plugins.
Preloading 0 native plugins for Editor in 0.00 ms.
Mono: successfully reloaded assembly
- Completed reload, in  1.166 seconds
Domain Reload Profiling:
	ReloadAssembly (1167ms)
		BeginReloadAssembly (144ms)
			ExecutionOrderSort (0ms)
			DisableScriptedObjects (4ms)
			BackupInstance (0ms)
			ReleaseScriptingObjects (0ms)
			CreateAndSetChildDomain (21ms)
		EndReloadAssembly (980ms)
			LoadAssemblies (104ms)
			RebuildTransferFunctionScriptingTraits (0ms)
			SetupTypeCache (343ms)
			ReleaseScriptCaches (0ms)
			RebuildScriptCaches (54ms)
			SetupLoadedEditorAssemblies (424ms)
				LogAssemblyErrors (0ms)
				InitializePlatformSupportModulesInManaged (5ms)
				SetLoadedEditorAssemblies (0ms)
				RefreshPlugins (1ms)
				BeforeProcessingInitializeOnLoad (119ms)
				ProcessInitializeOnLoadAttributes (215ms)
				ProcessInitializeOnLoadMethodAttributes (77ms)
				AfterProcessingInitializeOnLoad (6ms)
				EditorAssembliesLoaded (0ms)
			ExecutionOrderSort2 (0ms)
			AwakeInstancesAfterBackupRestoration (3ms)
Platform modules already initialized, skipping
========================================================================
Worker process is ready to serve import requests
Launched and connected shader compiler UnityShaderCompiler.exe after 0.08 seconds
Refreshing native plugins compatible for Editor in 1.21 ms, found 2 plugins.
Preloading 0 native plugins for Editor in 0.00 ms.
Unloading 2540 Unused Serialized files (Serialized files now loaded: 0)
System memory in use before: 98.0 MB.
System memory in use after: 98.2 MB.

Unloading 64 unused Assets to reduce memory usage. Loaded Objects now: 2942.
Total: 5.595900 ms (FindLiveObjects: 0.198500 ms CreateObjectMapping: 0.081100 ms MarkObjects: 4.985300 ms  DeleteObjects: 0.330200 ms)

AssetImportParameters requested are different than current active one (requested -> active):
  custom:framework-win-MediaFoundation: 216162199b28c13a410421893ffa2e32 -> 
  custom:video-decoder-ogg-theora: a1e56fd34408186e4bbccfd4996cb3dc -> 
  custom:container-muxer-webm: aa71ff27fc2769a1b78a27578f13a17b -> 
  custom:container-demuxer-webm: 4f35f7cbe854078d1ac9338744f61a02 -> 
  custom:container-demuxer-ogg: 62fdf1f143b41e24485cea50d1cbac27 -> 
  custom:video-encoder-webm-vp8: eb34c28f22e8b96e1ab97ce403110664 -> 
  custom:video-codec-MediaFoundation-h265: 746d11721c4dcdbdad8f713fa42b33f4 -> 
  custom:video-decoder-webm-vp8: 9c59270c3fd7afecdb556c50c9e8de78 -> 
  custom:audio-decoder-ogg-vorbis: bf7c407c2cedff20999df2af8eb42d56 -> 
  custom:audio-encoder-webm-vorbis: bf7c407c2cedff20999df2af8eb42d56 -> 
========================================================================
Received Import Request.
  path: Assets/Scripts/Model/ArrayUtility.cs
  artifactKey: Guid(61b5bac030cd44a597544d21d167e175) Importer(815301076,1909f56bfc062723c751e8b465ee728b)
Start importing Assets/Scripts/Model/ArrayUtility.cs using Guid(61b5bac030cd44a597544d21d167e175) Importer(815301076,1909f56bfc062723c751e8b465ee728b)  -> (artifact id: '3811a9c228120771764415d27e9f1c45') in 0.059844 seconds 
========================================================================
Received Import Request.
  Time since last request: 0.013191 seconds.
  path: Assets/Scripts/Model/BoardGrid.cs
  artifactKey: Guid(c14c20a80b91420681c0ac0712ca5ea0) Importer(815301076,1909f56bfc062723c751e8b465ee728b)
Start importing Assets/Scripts/Model/BoardGrid.cs using Guid(c14c20a80b91420681c0ac0712ca5ea0) Importer(815301076,1909f56bfc062723c751e8b465ee728b)  -> (artifact id: 'b10cbbae471507071c1e1a741a515961') in 0.003378 seconds 
========================================================================
Received Import Request.
  Time since last request: 3.577141 seconds.
  path: Assets/Scripts/Model/BoardPos.cs
  artifactKey: Guid(f2972db7b63b42d28c684653140a174b) Importer(815301076,1909f56bfc062723c751e8b465ee728b)
Start importing Assets/Scripts/Model/BoardPos.cs using Guid(f2972db7b63b42d28c684653140a174b) Importer(815301076,1909f56bfc062723c751e8b465ee728b)  -> (artifact id: 'e7a447fbe86c16f2300c280b2b741ebc') in 0.003986 seconds 
========================================================================
Received Import Request.
  Time since last request: 1.117541 seconds.
  path: Assets/Scripts/Model/ChangeInfo.cs
  artifactKey: Guid(d18403433ea0485eb28ace523ffb53d9) Importer(815301076,1909f56bfc062723c751e8b465ee728b)
Start importing Assets/Scripts/Model/ChangeInfo.cs using Guid(d18403433ea0485eb28ace523ffb53d9) Importer(815301076,1909f56bfc062723c751e8b465ee728b)  -> (artifact id: '1eaa9b0e353d25efd34b870678915eb6') in 0.003198 seconds 
========================================================================
Received Import Request.
  Time since last request: 5.790437 seconds.
  path: Assets/Scripts/Model/IGridPiece.cs
  artifactKey: Guid(6683b900ff0398243a501eac8291c6ee) Importer(815301076,1909f56bfc062723c751e8b465ee728b)
Start importing Assets/Scripts/Model/IGridPiece.cs using Guid(6683b900ff0398243a501eac8291c6ee) Importer(815301076,1909f56bfc062723c751e8b465ee728b)  -> (artifact id: '4cdb58da1877174c67e3c62e0221b40c') in 0.001990 seconds 
========================================================================
Received Import Request.
  Time since last request: 1.216591 seconds.
  path: Assets/Scripts/Model/IPieceSpawner.cs
  artifactKey: Guid(8424ed7d038a4b20904d0bdecd8edf11) Importer(815301076,1909f56bfc062723c751e8b465ee728b)
Start importing Assets/Scripts/Model/IPieceSpawner.cs using Guid(8424ed7d038a4b20904d0bdecd8edf11) Importer(815301076,1909f56bfc062723c751e8b465ee728b)  -> (artifact id: '27bd16d2f05bbb5633f10ecaf7f09fba') in 0.006031 seconds 
========================================================================
Received Import Request.
  Time since last request: 2.460375 seconds.
  path: Assets/Scripts/Model/JsonData.cs
  artifactKey: Guid(0f8c0acfc57747d4a9c057934a6fc2d7) Importer(815301076,1909f56bfc062723c751e8b465ee728b)
Start importing Assets/Scripts/Model/JsonData.cs using Guid(0f8c0acfc57747d4a9c057934a6fc2d7) Importer(815301076,1909f56bfc062723c751e8b465ee728b)  -> (artifact id: '19d3f13ad7d662690e3637281684ac06') in 0.001942 seconds 
========================================================================
Received Import Request.
  Time since last request: 2.119500 seconds.
  path: Assets/Scripts/Model/PiecePosition.cs
  artifactKey: Guid(a74b787bee9846248d44880139fb917b) Importer(815301076,1909f56bfc062723c751e8b465ee728b)
Start importing Assets/Scripts/Model/PiecePosition.cs using Guid(a74b787bee9846248d44880139fb917b) Importer(815301076,1909f56bfc062723c751e8b465ee728b)  -> (artifact id: '760acf41609190a6699a5326400b2d39') in 0.002177 seconds 
========================================================================
Received Import Request.
  Time since last request: 0.722531 seconds.
  path: Assets/Scripts/Model/PieceSpawner.cs
  artifactKey: Guid(85067c9bf78543e3af3e53b3144b0a00) Importer(815301076,1909f56bfc062723c751e8b465ee728b)
Start importing Assets/Scripts/Model/PieceSpawner.cs using Guid(85067c9bf78543e3af3e53b3144b0a00) Importer(815301076,1909f56bfc062723c751e8b465ee728b)  -> (artifact id: '27a38b85e3f6caf4c6aa6e0134e355a5') in 0.002706 seconds 
========================================================================
Received Import Request.
  Time since last request: 0.938489 seconds.
  path: Assets/Scripts/Model/PieceTypeDatabase.cs
  artifactKey: Guid(d43421590dbf4c6584944688f6c6647c) Importer(815301076,1909f56bfc062723c751e8b465ee728b)
Start importing Assets/Scripts/Model/PieceTypeDatabase.cs using Guid(d43421590dbf4c6584944688f6c6647c) Importer(815301076,1909f56bfc062723c751e8b465ee728b)  -> (artifact id: '3d7617bca0b145798c3342693b660b70') in 0.002103 seconds 
========================================================================
Received Import Request.
  Time since last request: 1.198367 seconds.
  path: Assets/Scripts/Model/ResolveResult.cs
  artifactKey: Guid(f80f41358f6a429da03b399c2721cf4c) Importer(815301076,1909f56bfc062723c751e8b465ee728b)
Start importing Assets/Scripts/Model/ResolveResult.cs using Guid(f80f41358f6a429da03b399c2721cf4c) Importer(815301076,1909f56bfc062723c751e8b465ee728b)  -> (artifact id: '4a99880568e11396ec1abb5d2cac9b4c') in 0.004258 seconds 
========================================================================
Received Import Request.
  Time since last request: 2.951344 seconds.
  path: Assets/Scripts/Pieces/VerticalPowerGridPiece.cs
  artifactKey: Guid(9466c368a75b45eaa48642e7e30ed9dc) Importer(815301076,1909f56bfc062723c751e8b465ee728b)
Start importing Assets/Scripts/Pieces/VerticalPowerGridPiece.cs using Guid(9466c368a75b45eaa48642e7e30ed9dc) Importer(815301076,1909f56bfc062723c751e8b465ee728b)  -> (artifact id: 'f80e1f61aed316c3f1ef33fe2584df4a') in 0.002540 seconds 
========================================================================
Received Import Request.
  Time since last request: 1.037392 seconds.
  path: Assets/Scripts/Pieces/NormalGridPiece.cs
  artifactKey: Guid(930677086efa6d744b819c29ec15141e) Importer(815301076,1909f56bfc062723c751e8b465ee728b)
Start importing Assets/Scripts/Pieces/NormalGridPiece.cs using Guid(930677086efa6d744b819c29ec15141e) Importer(815301076,1909f56bfc062723c751e8b465ee728b)  -> (artifact id: '650f1996cf7c797ea834a84d3fa1e8ce') in 0.002298 seconds 
========================================================================
Received Import Request.
  Time since last request: 1.833810 seconds.
  path: Assets/Scripts/Views/BoardRenderer.cs
  artifactKey: Guid(b1325d52165a04f82952329d979d6df2) Importer(815301076,1909f56bfc062723c751e8b465ee728b)
Start importing Assets/Scripts/Views/BoardRenderer.cs using Guid(b1325d52165a04f82952329d979d6df2) Importer(815301076,1909f56bfc062723c751e8b465ee728b)  -> (artifact id: 'b7d7627fec150447ca8d58efc2c81b75') in 0.002396 seconds 
========================================================================
Received Import Request.
  Time since last request: 5.815446 seconds.
  path: Assets/Scripts/Views/VisualPiece.cs
  artifactKey: Guid(adee7501d99f452d98857e5ca3ef6124) Importer(815301076,1909f56bfc062723c751e8b465ee728b)
Start importing Assets/Scripts/Views/VisualPiece.cs using Guid(adee7501d99f452d98857e5ca3ef6124) Importer(815301076,1909f56bfc062723c751e8b465ee728b)  -> (artifact id: 'adecf1c3e20b6de5edc2001742b9036a') in 0.001915 seconds 
========================================================================
Received Import Request.
  Time since last request: 8.818504 seconds.
  path: Assets/Scripts/UIManager.cs
  artifactKey: Guid(8be1760bfb814ad19b9895d87ee4ab8d) Importer(815301076,1909f56bfc062723c751e8b465ee728b)
Start importing Assets/Scripts/UIManager.cs using Guid(8be1760bfb814ad19b9895d87ee4ab8d) Importer(815301076,1909f56bfc062723c751e8b465ee728b)  -> (artifact id: '409360401cb6842f1b905cf06436cb7d') in 0.004397 seconds 
========================================================================
Received Import Request.
  Time since last request: 1.685595 seconds.
  path: Assets/Scripts/Tween.cs
  artifactKey: Guid(060154a07036c2e4190af056a6801307) Importer(815301076,1909f56bfc062723c751e8b465ee728b)
Start importing Assets/Scripts/Tween.cs using Guid(060154a07036c2e4190af056a6801307) Importer(815301076,1909f56bfc062723c751e8b465ee728b)  -> (artifact id: 'e4b2bf2af632d9c85da2588df72427d4') in 0.002230 seconds 
========================================================================
Received Import Request.
  Time since last request: 0.917234 seconds.
  path: Assets/Scripts/Requirement.cs
  artifactKey: Guid(0f5823e2259610844bd39f2bfd243a3b) Importer(815301076,1909f56bfc062723c751e8b465ee728b)
Start importing Assets/Scripts/Requirement.cs using Guid(0f5823e2259610844bd39f2bfd243a3b) Importer(815301076,1909f56bfc062723c751e8b465ee728b)  -> (artifact id: '871daeda16e3bb7a0c3649ca55d4e959') in 0.001882 seconds 
